2025-02-22 16:46:00 INFO  Main:35 - saved data reading
2025-02-22 16:46:00 INFO  Main:40 - application start
2025-02-22 16:46:00 INFO  Controller:74 - Main controller initializing
2025-02-22 16:46:09 INFO  NewEditController:89 - new/edit window initializing
2025-02-22 16:46:36 INFO  NewEditController:89 - new/edit window initializing
2025-02-22 16:47:33 INFO  NewEditController:89 - new/edit window initializing
2025-04-02 18:32:01 ERROR TasksService:80 - Time must not be before 1 Jan 2020
2025-04-02 18:32:01 ERROR TasksService:85 - Time must not be after 31 Dec 2050
2025-04-02 18:32:01 ERROR TasksService:86 - Start time: 61662204000000 End time: 61662204000000
2025-04-02 18:32:15 ERROR TasksService:85 - Time must not be after 31 Dec 2050
2025-04-02 18:32:15 ERROR TasksService:86 - Start time: 2524608000000 End time: 2524608000000
2025-04-02 18:32:15 ERROR TasksService:98 - Title is out of bounds
2025-04-02 18:32:15 ERROR TasksService:98 - Title is out of bounds
2025-04-02 18:32:15 ERROR TasksService:80 - Time must not be before 1 Jan 2020
2025-04-02 18:32:15 ERROR TasksService:80 - Time must not be before 1 Jan 2020
2025-04-02 18:32:15 ERROR TasksService:98 - Title is out of bounds
2025-04-02 19:03:46 ERROR TasksService:85 - Time must not be after 31 Dec 2050
2025-04-02 19:03:46 ERROR TasksService:86 - Start time: 2524608000000 End time: 2524608000000
2025-04-02 19:03:46 ERROR TasksService:98 - Title is out of bounds
2025-04-02 19:03:46 ERROR TasksService:98 - Title is out of bounds
2025-04-02 19:03:46 ERROR TasksService:80 - Time must not be before 1 Jan 2020
2025-04-02 19:03:46 ERROR TasksService:80 - Time must not be before 1 Jan 2020
2025-04-02 19:03:46 ERROR TasksService:98 - Title is out of bounds
2025-05-06 15:54:23 ERROR TasksService:85 - Time must not be after 31 Dec 2050
2025-05-06 15:54:23 ERROR TasksService:86 - Start time: 2524608000000 End time: 2524608000000
2025-05-06 15:54:23 ERROR TasksService:98 - Title is out of bounds
2025-05-06 15:54:23 ERROR TasksService:98 - Title is out of bounds
2025-05-06 15:54:23 ERROR TasksService:80 - Time must not be before 1 Jan 2020
2025-05-06 15:54:23 ERROR TasksService:80 - Time must not be before 1 Jan 2020
2025-05-06 15:54:23 ERROR TasksService:98 - Title is out of bounds
2025-05-06 15:54:23 ERROR TasksService:80 - Time must not be before 1 Jan 2020
2025-05-06 15:54:23 ERROR TasksService:85 - Time must not be after 31 Dec 2050
2025-05-06 15:54:23 ERROR TasksService:86 - Start time: 61662204000000 End time: 61662204000000
2025-05-06 20:44:30 ERROR TasksService:80 - Time must not be before 1 Jan 2020
2025-05-06 20:44:30 ERROR Task:48 - title not good
2025-05-06 20:47:55 ERROR TasksService:80 - Time must not be before 1 Jan 2020
2025-05-06 20:47:55 ERROR Task:48 - title not good
2025-05-06 20:48:32 ERROR TasksService:80 - Time must not be before 1 Jan 2020
2025-05-06 20:48:32 ERROR Task:48 - title not good
2025-05-06 20:51:54 ERROR TasksService:80 - Time must not be before 1 Jan 2020
2025-05-06 20:51:54 ERROR Task:48 - title not good
2025-05-06 20:51:54 ERROR TasksService:85 - Time must not be after 31 Dec 2050
2025-05-06 20:51:54 ERROR TasksService:86 - Start time: 2524608000000 End time: 2524608000000
2025-05-06 20:51:54 ERROR Task:48 - title not good
2025-05-06 20:51:54 ERROR Task:48 - title not good
2025-05-06 20:51:54 ERROR TasksService:80 - Time must not be before 1 Jan 2020
2025-05-06 20:51:54 ERROR Task:44 - time below bound
2025-05-06 20:51:54 ERROR Task:48 - title not good
2025-05-06 21:01:16 ERROR TasksService:80 - Time must not be before 1 Jan 2020
2025-05-06 21:01:16 ERROR Task:48 - title not good
2025-05-06 21:01:16 ERROR TasksService:85 - Time must not be after 31 Dec 2050
2025-05-06 21:01:16 ERROR TasksService:86 - Start time: 2524608000000 End time: 2524608000000
2025-05-06 21:01:16 ERROR Task:48 - title not good
2025-05-06 21:01:16 ERROR Task:48 - title not good
2025-05-06 21:01:16 ERROR TasksService:80 - Time must not be before 1 Jan 2020
2025-05-06 21:01:16 ERROR Task:44 - time below bound
2025-05-06 21:01:16 ERROR Task:48 - title not good
2025-05-06 21:13:55 ERROR TasksService:80 - Time must not be before 1 Jan 2020
2025-05-06 21:13:55 ERROR Task:48 - title not good
2025-05-06 21:13:55 ERROR TasksService:85 - Time must not be after 31 Dec 2050
2025-05-06 21:13:55 ERROR TasksService:86 - Start time: 2524608000000 End time: 2524608000000
2025-05-06 21:13:55 ERROR Task:48 - title not good
2025-05-06 21:13:55 ERROR Task:48 - title not good
2025-05-06 21:13:55 ERROR TasksService:80 - Time must not be before 1 Jan 2020
2025-05-06 21:13:55 ERROR Task:44 - time below bound
2025-05-06 21:13:55 ERROR Task:48 - title not good
2025-05-07 08:37:15 ERROR TasksService:80 - Time must not be before 1 Jan 2020
2025-05-07 08:37:15 ERROR Task:48 - title not good
2025-05-07 08:37:15 ERROR TasksService:85 - Time must not be after 31 Dec 2050
2025-05-07 08:37:15 ERROR TasksService:86 - Start time: 2524608000000 End time: 2524608000000
2025-05-07 08:37:15 ERROR Task:48 - title not good
2025-05-07 08:37:15 ERROR Task:48 - title not good
2025-05-07 08:37:15 ERROR TasksService:80 - Time must not be before 1 Jan 2020
2025-05-07 08:37:15 ERROR Task:44 - time below bound
2025-05-07 08:37:15 ERROR Task:48 - title not good
2025-05-07 08:46:21 ERROR TasksService:80 - Time must not be before 1 Jan 2020
2025-05-07 08:46:21 ERROR Task:48 - title not good
2025-05-07 08:46:21 ERROR TasksService:85 - Time must not be after 31 Dec 2050
2025-05-07 08:46:21 ERROR TasksService:86 - Start time: 2524608000000 End time: 2524608000000
2025-05-07 08:46:21 ERROR Task:48 - title not good
2025-05-07 08:46:21 ERROR Task:48 - title not good
2025-05-07 08:46:21 ERROR TasksService:80 - Time must not be before 1 Jan 2020
2025-05-07 08:46:21 ERROR Task:44 - time below bound
2025-05-07 08:46:21 ERROR Task:48 - title not good
2025-05-07 08:49:53 ERROR TasksService:80 - Time must not be before 1 Jan 2020
2025-05-07 08:49:53 ERROR Task:48 - title not good
2025-05-07 08:49:53 ERROR TasksService:85 - Time must not be after 31 Dec 2050
2025-05-07 08:49:53 ERROR TasksService:86 - Start time: 2524608000000 End time: 2524608000000
2025-05-07 08:49:53 ERROR Task:48 - title not good
2025-05-07 08:49:53 ERROR Task:48 - title not good
2025-05-07 08:49:53 ERROR TasksService:80 - Time must not be before 1 Jan 2020
2025-05-07 08:49:53 ERROR Task:44 - time below bound
2025-05-07 08:49:53 ERROR Task:48 - title not good
2025-05-07 08:58:26 ERROR TasksService:80 - Time must not be before 1 Jan 2020
2025-05-07 08:58:26 ERROR Task:48 - title not good
2025-05-07 08:58:26 ERROR TasksService:85 - Time must not be after 31 Dec 2050
2025-05-07 08:58:26 ERROR TasksService:86 - Start time: 2524608000000 End time: 2524608000000
2025-05-07 08:58:26 ERROR Task:48 - title not good
2025-05-07 08:58:26 ERROR Task:48 - title not good
2025-05-07 08:58:26 ERROR TasksService:80 - Time must not be before 1 Jan 2020
2025-05-07 08:58:26 ERROR Task:44 - time below bound
2025-05-07 08:58:27 ERROR Task:48 - title not good
2025-05-07 09:04:14 ERROR TasksService:80 - Time must not be before 1 Jan 2020
2025-05-07 09:04:14 ERROR Task:48 - title not good
2025-05-07 09:04:14 ERROR TasksService:85 - Time must not be after 31 Dec 2050
2025-05-07 09:04:14 ERROR TasksService:86 - Start time: 2524608000000 End time: 2524608000000
2025-05-07 09:04:14 ERROR Task:48 - title not good
2025-05-07 09:04:14 ERROR Task:48 - title not good
2025-05-07 09:04:14 ERROR TasksService:80 - Time must not be before 1 Jan 2020
2025-05-07 09:04:14 ERROR Task:44 - time below bound
2025-05-07 09:04:14 ERROR Task:48 - title not good
2025-05-07 09:07:28 ERROR TasksService:80 - Time must not be before 1 Jan 2020
2025-05-07 09:07:28 ERROR Task:48 - title not good
2025-05-07 09:07:28 ERROR TasksService:85 - Time must not be after 31 Dec 2050
2025-05-07 09:07:28 ERROR TasksService:86 - Start time: 2524608000000 End time: 2524608000000
2025-05-07 09:07:28 ERROR Task:48 - title not good
2025-05-07 09:07:28 ERROR Task:48 - title not good
2025-05-07 09:07:28 ERROR TasksService:80 - Time must not be before 1 Jan 2020
2025-05-07 09:07:28 ERROR Task:44 - time below bound
2025-05-07 09:07:28 ERROR Task:48 - title not good
2025-05-07 09:17:38 ERROR TasksService:80 - Time must not be before 1 Jan 2020
2025-05-07 09:17:38 ERROR Task:48 - title not good
2025-05-07 09:17:39 ERROR TasksService:85 - Time must not be after 31 Dec 2050
2025-05-07 09:17:39 ERROR TasksService:86 - Start time: 2524608000000 End time: 2524608000000
2025-05-07 09:17:39 ERROR Task:48 - title not good
2025-05-07 09:17:39 ERROR Task:48 - title not good
2025-05-07 09:17:39 ERROR TasksService:80 - Time must not be before 1 Jan 2020
2025-05-07 09:17:39 ERROR Task:44 - time below bound
2025-05-07 09:17:39 ERROR Task:48 - title not good
